2015 11 25 19:50:53 INFO - com.HelloWorldImpl的printHW开始被执行
2015 11 25 19:50:53 INFO - com.HelloWorldImpl的printHW执行结束
2015 11 25 20:02:54 INFO - com.HelloWorldImpl的printHW开始被执行
2015 11 25 20:02:54 INFO - com.HelloWorldImpl的printHW执行结束
2015 11 25 20:06:19 INFO - com.HelloWorldImpl的printHW开始被执行
2015 11 25 20:06:19 INFO - com.HelloWorldImpl的printHW开始被执行
2015 11 25 20:06:19 INFO - com.HelloWorldImpl的printHW执行结束
2015 11 25 20:06:19 INFO - com.HelloWorldImpl的printHW执行结束
2015 11 25 20:06:19 INFO - com.HelloWorldImpl的printHW执行结束
2016 10 12 20:09:37 INFO - com.HelloWorldImpl的printHW开始被执行
2016 10 12 20:09:37 INFO - com.HelloWorldImpl的printHW执行结束
2016 10 13 13:41:14 INFO - com.HelloWorldImpl的printHW开始被执行
2016 10 13 13:41:14 INFO - com.HelloWorldImpl的printHW执行结束
2016 10 13 15:30:55 INFO - com.HelloWorldImpl的printHW开始被执行
2016 10 13 15:30:55 INFO - com.HelloWorldImpl的printHW执行结束
2016 10 13 15:31:08 INFO - com.HelloWorldImpl的printHW开始被执行
2016 10 13 15:31:08 INFO - com.HelloWorldImpl的printHW执行结束
2016 10 13 15:36:06 INFO - com.HelloWorldImpl的printHW开始被执行
2016 10 13 15:36:06 INFO - com.HelloWorldImpl的printHW执行结束
2016 10 13 15:37:22 INFO - com.HelloWorldImpl的printHW开始被执行
2016 10 13 15:37:22 INFO - com.HelloWorldImpl的printHW执行结束
2016 10 13 15:37:47 INFO - com.HelloWorldImpl的printHW开始被执行
2016 10 13 15:37:47 INFO - com.HelloWorldImpl的printHW执行结束
2016 10 13 15:39:38 INFO - com.HelloWorldImpl的printHW开始被执行
2016 10 13 15:39:38 INFO - com.HelloWorldImpl的printHW执行结束
2016 10 13 15:40:26 INFO - com.HelloWorldImpl的printHW开始被执行
2016 10 13 15:40:26 INFO - com.HelloWorldImpl的printHW执行结束
2016 10 13 15:40:26 INFO - com.MyI1的p开始被执行
2016 10 13 15:40:26 INFO - com.MyI1的p执行结束
2016 10 13 15:43:08 INFO - com.HelloWorldImpl的printHW开始被执行
2016 10 13 15:43:08 INFO - com.HelloWorldImpl的printHW执行结束
2016 10 13 15:43:08 INFO - com.MyI1的p开始被执行
2016 10 13 15:43:08 INFO - com.MyI1的p执行结束
2016 10 13 15:43:34 INFO - com.HelloWorldImpl的printHW开始被执行
2016 10 13 15:43:34 INFO - com.HelloWorldImpl的printHW执行结束
2016 10 13 15:43:34 INFO - com.MyI1的p开始被执行
2016 10 13 15:43:34 INFO - com.MyI1的p执行结束
2016 11 28 20:41:08 INFO - com.HelloWorldImpl的printHW开始被执行
2016 11 28 20:41:08 INFO - com.HelloWorldImpl的printHW执行结束
2016 11 28 20:41:08 INFO - com.MyI1的p开始被执行
2016 11 28 20:41:08 INFO - com.MyI1的p执行结束
2016 11 28 21:27:37 INFO - aTestLog 执行结束
2016 11 28 21:30:59 INFO - aTestLog 执行结束
2016 11 29 10:03:31 INFO - aTestLog 执行结束4343434343
2016 11 29 10:04:14 INFO - aTestLog 执行结束4343434343
2016 11 29 11:02:36 INFO - com.HelloWorldImpl的printHW开始被执行
2016 11 29 11:02:36 INFO - com.HelloWorldImpl的printHW执行结束
2016 11 29 11:02:36 INFO - com.MyI1的p开始被执行
2016 11 29 11:02:36 INFO - com.MyI1的p执行结束
2016 11 29 11:50:39 INFO - com.HelloWorldImpl的printHW开始被执行
2016 11 29 11:50:39 INFO - com.HelloWorldImpl的printHW执行结束
2016 11 29 11:56:01 INFO - com.HelloWorldImpl的printHW开始被执行
2016 11 29 11:56:01 INFO - com.HelloWorldImpl的printHW执行结束
2016 11 29 11:59:38 INFO - com.LogClass的printHW开始被执行
2016 11 29 11:59:38 INFO - com.LogClass的printHW执行结束
2016 12 02 08:09:08 INFO - aTestLog 执行结束4343434343
2016 12 02 08:11:37 INFO - com.LogClass的printHW开始被执行
2016 12 02 08:11:37 INFO - com.LogClass的printHW执行结束
2016 12 02 08:26:37 INFO - com.LogClass的printHW开始被执行
2016 12 02 08:26:37 INFO - com.LogClass的printHW执行结束
2016 12 22 10:38:36 INFO - com.LogClass的printHW开始被执行
2016 12 22 10:38:36 INFO - com.LogClass的printHW执行结束
2017 11 26 19:32:40 INFO - com.LogClass的printHW开始被执行
2017 11 26 19:32:40 INFO - com.LogClass的printHW执行结束
2017 11 29 13:37:11 INFO - com.LogClass的printHW开始被执行
2017 11 29 13:37:11 INFO - com.LogClass的printHW执行结束
2017 11 29 14:40:26 INFO - com.HelloWorldImpl的printHW开始被执行
2017 11 29 14:41:03 INFO - com.HelloWorldImpl的printHW方法开始被执行！！！！
2017 11 29 14:42:14 INFO - com.HelloWorldImpl的printHW方法开始被执行！！！！
2017 11 29 14:42:14 INFO - com.HelloWorldImpl的printHW方法开始被执行！！！！
2017 11 29 14:42:14 INFO - com.HelloWorldImpl的printHW执行结束
2017 11 29 14:42:14 INFO - com.HelloWorldImpl的printHW执行结束
